<?xml version="1.0" encoding="UTF-8"?>
<!-- Generated by org.testng.reporters.JUnitReportReporter -->
<testsuite skipped="0" hostname="PS18-PC0KS3B9" name="onlinelease.tests.VerifyHomeTest" tests="1" failures="0" timestamp="2020-06-15T20:04:41 PDT" time="9.110" errors="0">
  <testcase name="verifyHomePage" time="9.110" classname="onlinelease.tests.VerifyHomeTest"/>
</testsuite> <!-- onlinelease.tests.VerifyHomeTest -->
